<?xml version="1.0" encoding="UTF-8"?>
<!-- Generated by org.testng.reporters.JUnitReportReporter -->
<testsuite hostname="LAPTOP-3A2B2CLM" failures="0" tests="1" name="testRunner.TestNGRunner" time="0.138" errors="0" timestamp="2023-01-08T15:05:42 IST" skipped="0">
  <testcase classname="testRunner.TestNGRunner" name="runScenario" time="0.138"/>
  <system-out/>
</testsuite> <!-- testRunner.TestNGRunner -->
